<?xml version="1.0" encoding="UTF-8"?>
<!-- Generated by org.testng.reporters.JUnitXMLReporter -->
<testsuite ignored="0" hostname="DESKTOP-JFFDUU0" failures="3" tests="10" name="Default test" time="79.283" errors="0" timestamp="2025-03-19T20:02:20 IST">
  <testcase classname="io.cucumber.testng.AbstractTestNGCucumberTests" name="runScenario" time="0.79"/>
  <testcase classname="io.cucumber.testng.AbstractTestNGCucumberTests" name="runScenario" time="7.106"/>
  <testcase classname="io.cucumber.testng.AbstractTestNGCucumberTests" name="runScenario" time="6.083"/>
  <testcase classname="io.cucumber.testng.AbstractTestNGCucumberTests" name="runScenario" time="1.681">
    <failure type="java.lang.AssertionError" message="Login failed! Incorrect email or password.">
      <![CDATA[java.lang.AssertionError: Login failed! Incorrect email or password.
at org.junit.Assert.fail(Assert.java:89)
at org.junit.Assert.assertTrue(Assert.java:42)
at com.urbanladder.StepDefinition.UserRegistrationStepDef.i_should_see(UserRegistrationStepDef.java:123)
at ✽.I should see "<message>"(file:///C:/Users/user/eclipse-workspace/com.UrbanLadder3/src/test/resources/features/Login.feature:42)
]]>
    </failure>
  </testcase> <!-- runScenario -->
  <testcase classname="io.cucumber.testng.AbstractTestNGCucumberTests" name="runScenario" time="1.725">
    <failure type="java.lang.AssertionError" message="Login failed! Incorrect email or password.">
      <![CDATA[java.lang.AssertionError: Login failed! Incorrect email or password.
at org.junit.Assert.fail(Assert.java:89)
at org.junit.Assert.assertTrue(Assert.java:42)
at com.urbanladder.StepDefinition.UserRegistrationStepDef.i_should_see(UserRegistrationStepDef.java:123)
at ✽.I should see "<message>"(file:///C:/Users/user/eclipse-workspace/com.UrbanLadder3/src/test/resources/features/Login.feature:42)
]]>
    </failure>
  </testcase> <!-- runScenario -->
  <testcase classname="io.cucumber.testng.AbstractTestNGCucumberTests" name="runScenario" time="1.62">
    <failure type="java.lang.AssertionError" message="Login failed! Incorrect email or password.">
      <![CDATA[java.lang.AssertionError: Login failed! Incorrect email or password.
at org.junit.Assert.fail(Assert.java:89)
at org.junit.Assert.assertTrue(Assert.java:42)
at com.urbanladder.StepDefinition.UserRegistrationStepDef.i_should_see(UserRegistrationStepDef.java:123)
at ✽.I should see "<message>"(file:///C:/Users/user/eclipse-workspace/com.UrbanLadder3/src/test/resources/features/Login.feature:42)
]]>
    </failure>
  </testcase> <!-- runScenario -->
  <testcase classname="io.cucumber.testng.AbstractTestNGCucumberTests" name="runScenario" time="1.61"/>
  <testcase classname="io.cucumber.testng.AbstractTestNGCucumberTests" name="runScenario" time="2.988"/>
  <testcase classname="io.cucumber.testng.AbstractTestNGCucumberTests" name="runScenario" time="19.696"/>
  <testcase classname="io.cucumber.testng.AbstractTestNGCucumberTests" name="runScenario" time="29.452"/>
</testsuite> <!-- Default test -->
