<?xml version="1.0" encoding="UTF-8"?>
<testng-results ignored="0" total="8" passed="8" failed="0" skipped="0">
  <reporter-output>
  </reporter-output>
  <suite started-at="2025-03-21T13:27:48 IST" name="Suite" finished-at="2025-03-21T13:29:01 IST" duration-ms="72734">
    <groups>
      <group name="cucumber">
        <method signature="AbstractTestNGCucumberTests.runScenario(io.cucumber.testng.PickleWrapper,io.cucumber.testng.FeatureWrapper)[pri:0, instance:com.urbanladder.Runner.TestRunner@c05fddc]" name="runScenario" class="io.cucumber.testng.AbstractTestNGCucumberTests"/>
      </group> <!-- cucumber -->
    </groups>
    <test started-at="2025-03-21T13:27:48 IST" name="Test" finished-at="2025-03-21T13:29:01 IST" duration-ms="72734">
      <class name="com.urbanladder.Runner.TestRunner">
        <test-method is-config="true" signature="setUpClass(org.testng.ITestContext)[pri:0, instance:com.urbanladder.Runner.TestRunner@c05fddc]" started-at="2025-03-21T13:27:48 IST" name="setUpClass" finished-at="2025-03-21T13:27:53 IST" duration-ms="4225" status="PASS">
          <params>
            <param index="0">
              <value>
                <![CDATA[org.testng.TestRunner@18026052]]>
              </value>
            </param>
          </params>
          <reporter-output>
          </reporter-output>
        </test-method> <!-- setUpClass -->
        <test-method signature="runScenario(io.cucumber.testng.PickleWrapper,io.cucumber.testng.FeatureWrapper)[pri:0, instance:com.urbanladder.Runner.TestRunner@c05fddc]" started-at="2025-03-21T13:27:53 IST" name="runScenario" description="Runs Cucumber Scenarios" data-provider="scenarios" finished-at="2025-03-21T13:27:53 IST" duration-ms="285" status="PASS">
          <params>
            <param index="0">
              <value>
                <![CDATA["Verify Home Page Elements"]]>
              </value>
            </param>
            <param index="1">
              <value>
                <![CDATA["Home Page Validation"]]>
              </value>
            </param>
          </params>
          <reporter-output>
          </reporter-output>
        </test-method> <!-- runScenario -->
        <test-method signature="runScenario(io.cucumber.testng.PickleWrapper,io.cucumber.testng.FeatureWrapper)[pri:0, instance:com.urbanladder.Runner.TestRunner@c05fddc]" started-at="2025-03-21T13:27:53 IST" name="runScenario" description="Runs Cucumber Scenarios" data-provider="scenarios" finished-at="2025-03-21T13:27:58 IST" duration-ms="5264" status="PASS">
          <params>
            <param index="0">
              <value>
                <![CDATA["User Registration (Sign Up)"]]>
              </value>
            </param>
            <param index="1">
              <value>
                <![CDATA["User Registration,Account Settings and Login"]]>
              </value>
            </param>
          </params>
          <reporter-output>
          </reporter-output>
        </test-method> <!-- runScenario -->
        <test-method signature="runScenario(io.cucumber.testng.PickleWrapper,io.cucumber.testng.FeatureWrapper)[pri:0, instance:com.urbanladder.Runner.TestRunner@c05fddc]" started-at="2025-03-21T13:27:58 IST" name="runScenario" description="Runs Cucumber Scenarios" data-provider="scenarios" finished-at="2025-03-21T13:28:02 IST" duration-ms="3414" status="PASS">
          <params>
            <param index="0">
              <value>
                <![CDATA["Edit Account Settings - Change Password"]]>
              </value>
            </param>
            <param index="1">
              <value>
                <![CDATA["User Registration,Account Settings and Login"]]>
              </value>
            </param>
          </params>
          <reporter-output>
          </reporter-output>
        </test-method> <!-- runScenario -->
        <test-method signature="runScenario(io.cucumber.testng.PickleWrapper,io.cucumber.testng.FeatureWrapper)[pri:0, instance:com.urbanladder.Runner.TestRunner@c05fddc]" started-at="2025-03-21T13:28:02 IST" name="runScenario" description="Runs Cucumber Scenarios" data-provider="scenarios" finished-at="2025-03-21T13:28:03 IST" duration-ms="1391" status="PASS">
          <params>
            <param index="0">
              <value>
                <![CDATA["Login with different credentials"]]>
              </value>
            </param>
            <param index="1">
              <value>
                <![CDATA["User Registration,Account Settings and Login"]]>
              </value>
            </param>
          </params>
          <reporter-output>
          </reporter-output>
        </test-method> <!-- runScenario -->
        <test-method signature="runScenario(io.cucumber.testng.PickleWrapper,io.cucumber.testng.FeatureWrapper)[pri:0, instance:com.urbanladder.Runner.TestRunner@c05fddc]" started-at="2025-03-21T13:28:03 IST" name="runScenario" description="Runs Cucumber Scenarios" data-provider="scenarios" finished-at="2025-03-21T13:28:14 IST" duration-ms="10719" status="PASS">
          <params>
            <param index="0">
              <value>
                <![CDATA["Login with different credentials"]]>
              </value>
            </param>
            <param index="1">
              <value>
                <![CDATA["User Registration,Account Settings and Login"]]>
              </value>
            </param>
          </params>
          <reporter-output>
          </reporter-output>
        </test-method> <!-- runScenario -->
        <test-method signature="runScenario(io.cucumber.testng.PickleWrapper,io.cucumber.testng.FeatureWrapper)[pri:0, instance:com.urbanladder.Runner.TestRunner@c05fddc]" started-at="2025-03-21T13:28:14 IST" name="runScenario" description="Runs Cucumber Scenarios" data-provider="scenarios" finished-at="2025-03-21T13:28:16 IST" duration-ms="2239" status="PASS">
          <params>
            <param index="0">
              <value>
                <![CDATA["Search and filter products"]]>
              </value>
            </param>
            <param index="1">
              <value>
                <![CDATA["Search and Filter Functionality on Urban Ladder"]]>
              </value>
            </param>
          </params>
          <reporter-output>
          </reporter-output>
        </test-method> <!-- runScenario -->
        <test-method signature="runScenario(io.cucumber.testng.PickleWrapper,io.cucumber.testng.FeatureWrapper)[pri:0, instance:com.urbanladder.Runner.TestRunner@c05fddc]" started-at="2025-03-21T13:28:16 IST" name="runScenario" description="Runs Cucumber Scenarios" data-provider="scenarios" finished-at="2025-03-21T13:28:32 IST" duration-ms="15947" status="PASS">
          <params>
            <param index="0">
              <value>
                <![CDATA["End-to-End Product Selection, Validation, Wishlist, and Cart Addition"]]>
              </value>
            </param>
            <param index="1">
              <value>
                <![CDATA["Product Details Page Validation and Interaction"]]>
              </value>
            </param>
          </params>
          <reporter-output>
          </reporter-output>
        </test-method> <!-- runScenario -->
        <test-method signature="runScenario(io.cucumber.testng.PickleWrapper,io.cucumber.testng.FeatureWrapper)[pri:0, instance:com.urbanladder.Runner.TestRunner@c05fddc]" started-at="2025-03-21T13:28:32 IST" name="runScenario" description="Runs Cucumber Scenarios" data-provider="scenarios" finished-at="2025-03-21T13:29:00 IST" duration-ms="28451" status="PASS">
          <params>
            <param index="0">
              <value>
                <![CDATA["Add items to cart, update quantity, remove item, and proceed to checkout"]]>
              </value>
            </param>
            <param index="1">
              <value>
                <![CDATA["Shopping Cart functionality"]]>
              </value>
            </param>
          </params>
          <reporter-output>
          </reporter-output>
        </test-method> <!-- runScenario -->
        <test-method is-config="true" signature="tearDownClass()[pri:0, instance:com.urbanladder.Runner.TestRunner@c05fddc]" started-at="2025-03-21T13:29:00 IST" name="tearDownClass" finished-at="2025-03-21T13:29:01 IST" duration-ms="760" status="PASS">
          <reporter-output>
          </reporter-output>
        </test-method> <!-- tearDownClass -->
      </class> <!-- com.urbanladder.Runner.TestRunner -->
    </test> <!-- Test -->
  </suite> <!-- Suite -->
</testng-results>
