<?xml version="1.0" encoding="UTF-8"?>
<testsuite xmlns:xsi="http://www.w3.org/2001/XMLSchema-instance" xsi:noNamespaceSchemaLocation="https://maven.apache.org/surefire/maven-surefire-plugin/xsd/surefire-test-report.xsd" name="com.urbanladder.Runner.TestRunner" time="83.904" tests="10" errors="0" skipped="0" failures="5">
  <properties>
[...]
</properties>
  <testcase name="runScenario" classname="com.urbanladder.Runner.TestRunner" time="1.826"/>
  <testcase name="runScenario" classname="com.urbanladder.Runner.TestRunner" time="6.494"/>
  <testcase name="runScenario" classname="com.urbanladder.Runner.TestRunner" time="6.651"/>
  <testcase name="runScenario" classname="com.urbanladder.Runner.TestRunner" time="1.794">
    <failure message="Login failed! Incorrect email or password." type="java.lang.AssertionError">java.lang.AssertionError: Login failed! Incorrect email or password.
</failure>
    <system-out><![CDATA[
@UserAuthentication @Login
Scenario Outline: Login with different credentials             &amp#27;[90m# src/test/resources/features/Login.feature:46&amp#27;[0m
Continuing session for Authentication tests.
user is on the login page..
  &amp#27;[32mGiven &amp#27;[0m&amp#27;[32mI am on the login page&amp#27;[0m                                 &amp#27;[90m# com.urbanladder.StepDefinition.UserRegistrationStepDef.i_am_on_the_login_page()&amp#27;[0m
  &amp#27;[32mWhen &amp#27;[0m&amp#27;[32mI enter email &amp#27;[0m&amp#27;[32m&amp#27;[1m"user8@test.com"&amp#27;[0m&amp#27;[32m and password &amp#27;[0m&amp#27;[32m&amp#27;[1m"Hello@202"&amp#27;[0m &amp#27;[90m# com.urbanladder.StepDefinition.UserRegistrationStepDef.i_enter_email_and_password(java.lang.String,java.lang.String)&amp#27;[0m
  &amp#27;[32mAnd &amp#27;[0m&amp#27;[32mI click on the Login button&amp#27;[0m                              &amp#27;[90m# com.urbanladder.StepDefinition.UserRegistrationStepDef.i_click_on_the_login_button()&amp#27;[0m
  &amp#27;[31mThen &amp#27;[0m&amp#27;[31mI should see &amp#27;[0m&amp#27;[31m&amp#27;[1m"<message>"&amp#27;[0m                                &amp#27;[90m# com.urbanladder.StepDefinition.UserRegistrationStepDef.i_should_see(java.lang.String)&amp#27;[0m
      &amp#27;[31mjava.lang.AssertionError: Login failed! Incorrect email or password.
	at org.junit.Assert.fail(Assert.java:89)
	at org.junit.Assert.assertTrue(Assert.java:42)
	at com.urbanladder.StepDefinition.UserRegistrationStepDef.i_should_see(UserRegistrationStepDef.java:123)
	at âœ½.I should see "<message>"(file:///C:/Users/user/eclipse-workspace/com.UrbanLadder3/src/test/resources/features/Login.feature:42)
&amp#27;[0m
Completed scenario: Login with different credentials
]]></system-out>
  </testcase>
  <testcase name="runScenario" classname="com.urbanladder.Runner.TestRunner" time="1.682">
    <failure message="Login failed! Incorrect email or password." type="java.lang.AssertionError">java.lang.AssertionError: Login failed! Incorrect email or password.
</failure>
    <system-out><![CDATA[
@UserAuthentication @Login
Scenario Outline: Login with different credentials                 &amp#27;[90m# src/test/resources/features/Login.feature:47&amp#27;[0m
Continuing session for Authentication tests.
user is on the login page..
  &amp#27;[32mGiven &amp#27;[0m&amp#27;[32mI am on the login page&amp#27;[0m                                     &amp#27;[90m# com.urbanladder.StepDefinition.UserRegistrationStepDef.i_am_on_the_login_page()&amp#27;[0m
  &amp#27;[32mWhen &amp#27;[0m&amp#27;[32mI enter email &amp#27;[0m&amp#27;[32m&amp#27;[1m"sample133@demo.com"&amp#27;[0m&amp#27;[32m and password &amp#27;[0m&amp#27;[32m&amp#27;[1m"Hello@022"&amp#27;[0m &amp#27;[90m# com.urbanladder.StepDefinition.UserRegistrationStepDef.i_enter_email_and_password(java.lang.String,java.lang.String)&amp#27;[0m
  &amp#27;[32mAnd &amp#27;[0m&amp#27;[32mI click on the Login button&amp#27;[0m                                  &amp#27;[90m# com.urbanladder.StepDefinition.UserRegistrationStepDef.i_click_on_the_login_button()&amp#27;[0m
  &amp#27;[31mThen &amp#27;[0m&amp#27;[31mI should see &amp#27;[0m&amp#27;[31m&amp#27;[1m"<message>"&amp#27;[0m                                    &amp#27;[90m# com.urbanladder.StepDefinition.UserRegistrationStepDef.i_should_see(java.lang.String)&amp#27;[0m
      &amp#27;[31mjava.lang.AssertionError: Login failed! Incorrect email or password.
	at org.junit.Assert.fail(Assert.java:89)
	at org.junit.Assert.assertTrue(Assert.java:42)
	at com.urbanladder.StepDefinition.UserRegistrationStepDef.i_should_see(UserRegistrationStepDef.java:123)
	at âœ½.I should see "<message>"(file:///C:/Users/user/eclipse-workspace/com.UrbanLadder3/src/test/resources/features/Login.feature:42)
&amp#27;[0m
Completed scenario: Login with different credentials
]]></system-out>
  </testcase>
  <testcase name="runScenario" classname="com.urbanladder.Runner.TestRunner" time="1.744">
    <failure message="Login failed! Incorrect email or password." type="java.lang.AssertionError">java.lang.AssertionError: Login failed! Incorrect email or password.
</failure>
    <system-out><![CDATA[
@UserAuthentication @Login
Scenario Outline: Login with different credentials             &amp#27;[90m# src/test/resources/features/Login.feature:48&amp#27;[0m
Continuing session for Authentication tests.
user is on the login page..
  &amp#27;[32mGiven &amp#27;[0m&amp#27;[32mI am on the login page&amp#27;[0m                                 &amp#27;[90m# com.urbanladder.StepDefinition.UserRegistrationStepDef.i_am_on_the_login_page()&amp#27;[0m
  &amp#27;[32mWhen &amp#27;[0m&amp#27;[32mI enter email &amp#27;[0m&amp#27;[32m&amp#27;[1m"test86@test.com"&amp#27;[0m&amp#27;[32m and password &amp#27;[0m&amp#27;[32m&amp#27;[1m"Lock@133"&amp#27;[0m &amp#27;[90m# com.urbanladder.StepDefinition.UserRegistrationStepDef.i_enter_email_and_password(java.lang.String,java.lang.String)&amp#27;[0m
  &amp#27;[32mAnd &amp#27;[0m&amp#27;[32mI click on the Login button&amp#27;[0m                              &amp#27;[90m# com.urbanladder.StepDefinition.UserRegistrationStepDef.i_click_on_the_login_button()&amp#27;[0m
  &amp#27;[31mThen &amp#27;[0m&amp#27;[31mI should see &amp#27;[0m&amp#27;[31m&amp#27;[1m"<message>"&amp#27;[0m                                &amp#27;[90m# com.urbanladder.StepDefinition.UserRegistrationStepDef.i_should_see(java.lang.String)&amp#27;[0m
      &amp#27;[31mjava.lang.AssertionError: Login failed! Incorrect email or password.
	at org.junit.Assert.fail(Assert.java:89)
	at org.junit.Assert.assertTrue(Assert.java:42)
	at com.urbanladder.StepDefinition.UserRegistrationStepDef.i_should_see(UserRegistrationStepDef.java:123)
	at âœ½.I should see "<message>"(file:///C:/Users/user/eclipse-workspace/com.UrbanLadder3/src/test/resources/features/Login.feature:42)
&amp#27;[0m
Completed scenario: Login with different credentials
]]></system-out>
  </testcase>
  <testcase name="runScenario" classname="com.urbanladder.Runner.TestRunner" time="1.506"/>
  <testcase name="runScenario" classname="com.urbanladder.Runner.TestRunner" time="3.059"/>
  <testcase name="runScenario" classname="com.urbanladder.Runner.TestRunner" time="14.656">
    <failure message="Taran Teak Wood Sofa is NOT in the wishlist" type="java.lang.AssertionError">java.lang.AssertionError: Taran Teak Wood Sofa is NOT in the wishlist
</failure>
    <system-out><![CDATA[
@Details
Scenario: End-to-End Product Selection, Validation, Wishlist, and Cart Addition &amp#27;[90m# src/test/resources/features/ProductDetails.feature:4&amp#27;[0m
  &amp#27;[32mWhen &amp#27;[0m&amp#27;[32mI find and click on &amp#27;[0m&amp#27;[32m&amp#27;[1m"Taran Teak Wood Sofa"&amp#27;[0m                               &amp#27;[90m# com.urbanladder.StepDefinition.ProductDetailStepDef.i_find_and_click_on(java.lang.String)&amp#27;[0m
Taran Teak Wood Sofa (Sunset Ikat Stripes)
  &amp#27;[32mThen &amp#27;[0m&amp#27;[32mI validate the product title&amp#27;[0m                                             &amp#27;[90m# com.urbanladder.StepDefinition.ProductDetailStepDef.i_validate_the_product_title()&amp#27;[0m
  &amp#27;[32mAnd &amp#27;[0m&amp#27;[32mI check if &amp#27;[0m&amp#27;[32m&amp#27;[1m"Taran Teak Wood Sofa"&amp#27;[0m&amp#27;[32m is sold out&amp#27;[0m                             &amp#27;[90m# com.urbanladder.StepDefinition.ProductDetailStepDef.i_check_if_is_sold_out(java.lang.String)&amp#27;[0m
PRODUCT DETAILS
  &amp#27;[32mThen &amp#27;[0m&amp#27;[32mI validate the product description&amp#27;[0m                                       &amp#27;[90m# com.urbanladder.StepDefinition.ProductDetailStepDef.i_validate_the_product_description()&amp#27;[0m
?63,008
  &amp#27;[32mAnd &amp#27;[0m&amp#27;[32mI validate the product price&amp#27;[0m                                              &amp#27;[90m# com.urbanladder.StepDefinition.ProductDetailStepDef.i_validate_the_product_price()&amp#27;[0m
  &amp#27;[32mWhen &amp#27;[0m&amp#27;[32mI click on the wishlist icon&amp#27;[0m                                             &amp#27;[90m# com.urbanladder.StepDefinition.ProductDetailStepDef.i_click_on_the_wishlist_icon()&amp#27;[0m
  &amp#27;[32mAnd &amp#27;[0m&amp#27;[32mI navigate to the wishlist page&amp#27;[0m                                           &amp#27;[90m# com.urbanladder.StepDefinition.ProductDetailStepDef.i_navigate_to_the_wishlist_page()&amp#27;[0m
  &amp#27;[31mThen &amp#27;[0m&amp#27;[31mI validate that &amp#27;[0m&amp#27;[31m&amp#27;[1m"Taran Teak Wood Sofa"&amp#27;[0m&amp#27;[31m is added to the wishlist&amp#27;[0m          &amp#27;[90m# com.urbanladder.StepDefinition.ProductDetailStepDef.i_validate_that_is_added_to_the_wishlist(java.lang.String)&amp#27;[0m
      &amp#27;[31mjava.lang.AssertionError: Taran Teak Wood Sofa is NOT in the wishlist
	at com.urbanladder.StepDefinition.ProductDetailStepDef.i_validate_that_is_added_to_the_wishlist(ProductDetailStepDef.java:85)
	at âœ½.I validate that "Taran Teak Wood Sofa" is added to the wishlist(file:///C:/Users/user/eclipse-workspace/com.UrbanLadder3/src/test/resources/features/ProductDetails.feature:15)
&amp#27;[0m
  &amp#27;[36mAnd &amp#27;[0m&amp#27;[36mI click on the product from the wishlist&amp#27;[0m                                  &amp#27;[90m# com.urbanladder.StepDefinition.ProductDetailStepDef.i_click_on_the_product_from_the_wishlist()&amp#27;[0m
  &amp#27;[36mWhen &amp#27;[0m&amp#27;[36mI click on the &amp#27;[0m&amp#27;[36m&amp#27;[1m"Add to Cart"&amp#27;[0m&amp#27;[36m button&amp#27;[0m                                      &amp#27;[90m# com.urbanladder.StepDefinition.ProductDetailStepDef.i_click_on_the_button(java.lang.String)&amp#27;[0m
  &amp#27;[36mThen &amp#27;[0m&amp#27;[36mI validate that &amp#27;[0m&amp#27;[36m&amp#27;[1m"Taran Teak Wood Sofa"&amp#27;[0m&amp#27;[36m is added to the cart&amp#27;[0m              &amp#27;[90m# com.urbanladder.StepDefinition.ProductDetailStepDef.i_validate_that_is_added_to_the_cart(java.lang.String)&amp#27;[0m
Completed scenario: End-to-End Product Selection, Validation, Wishlist, and Cart Addition
]]></system-out>
  </testcase>
  <testcase name="runScenario" classname="com.urbanladder.Runner.TestRunner" time="31.438">
    <failure message="expected [true] but found [false]" type="java.lang.AssertionError">java.lang.AssertionError: expected [true] but found [false]
</failure>
    <system-out><![CDATA[
@cart
Scenario: Add items to cart, update quantity, remove item, and proceed to checkout &amp#27;[90m# src/test/resources/features/ShoppingCart.feature:4&amp#27;[0m
shopping cart page...
  &amp#27;[32mGiven &amp#27;[0m&amp#27;[32mI am on the shopping cart page&amp#27;[0m                                             &amp#27;[90m# com.urbanladder.StepDefinition.ShoppingCartStepDef.i_am_on_the_shopping_cart_page()&amp#27;[0m
  &amp#27;[32mWhen &amp#27;[0m&amp#27;[32mI update the quantity of the product to &amp#27;[0m&amp#27;[32m&amp#27;[1m"2"&amp#27;[0m                                 &amp#27;[90m# com.urbanladder.StepDefinition.ShoppingCartStepDef.i_update_the_quantity_of_the_product_to(java.lang.String)&amp#27;[0m
product updated
  &amp#27;[32mThen &amp#27;[0m&amp#27;[32mthe quantity should be updated in the cart&amp#27;[0m                                  &amp#27;[90m# com.urbanladder.StepDefinition.ShoppingCartStepDef.the_quantity_should_be_updated_in_the_cart()&amp#27;[0m
  &amp#27;[32mWhen &amp#27;[0m&amp#27;[32mI remove the product from the cart&amp#27;[0m                                          &amp#27;[90m# com.urbanladder.StepDefinition.ShoppingCartStepDef.i_remove_the_product_from_the_cart()&amp#27;[0m
  &amp#27;[31mThen &amp#27;[0m&amp#27;[31mthe cart should be empty&amp#27;[0m                                                    &amp#27;[90m# com.urbanladder.StepDefinition.ShoppingCartStepDef.the_cart_should_be_empty()&amp#27;[0m
      &amp#27;[31mjava.lang.AssertionError: expected [true] but found [false]
	at org.testng.Assert.fail(Assert.java:111)
	at org.testng.Assert.failNotEquals(Assert.java:1578)
	at org.testng.Assert.assertTrue(Assert.java:57)
	at org.testng.Assert.assertTrue(Assert.java:67)
	at com.urbanladder.StepDefinition.ShoppingCartStepDef.the_cart_should_be_empty(ShoppingCartStepDef.java:51)
	at âœ½.the cart should be empty(file:///C:/Users/user/eclipse-workspace/com.UrbanLadder3/src/test/resources/features/ShoppingCart.feature:9)
&amp#27;[0m
  &amp#27;[36mWhen &amp#27;[0m&amp#27;[36mI navigate to the Wishlist page&amp#27;[0m                                             &amp#27;[90m# com.urbanladder.StepDefinition.ShoppingCartStepDef.i_navigate_to_the_wishlist_page()&amp#27;[0m
  &amp#27;[36mAnd &amp#27;[0m&amp#27;[36mI select a product from the Wishlist&amp#27;[0m                                         &amp#27;[90m# com.urbanladder.StepDefinition.ShoppingCartStepDef.i_select_a_product_from_the_wishlist()&amp#27;[0m
  &amp#27;[36mAnd &amp#27;[0m&amp#27;[36mI add the product to the cart again&amp#27;[0m                                          &amp#27;[90m# com.urbanladder.StepDefinition.ShoppingCartStepDef.i_add_the_product_to_the_cart_again()&amp#27;[0m
  &amp#27;[36mAnd &amp#27;[0m&amp#27;[36mI click on the checkout button&amp#27;[0m                                               &amp#27;[90m# com.urbanladder.StepDefinition.ShoppingCartStepDef.i_click_on_the_checkout_button()&amp#27;[0m
  &amp#27;[36mThen &amp#27;[0m&amp#27;[36mthe message Product Purchased should be displayed&amp#27;[0m                           &amp#27;[90m# com.urbanladder.StepDefinition.ShoppingCartStepDef.the_message_product_purchased_should_be_displayed()&amp#27;[0m
Completed scenario: Add items to cart, update quantity, remove item, and proceed to checkout
]]></system-out>
  </testcase>
</testsuite>